DEBUG 2023-08-28 14:10:06.115 UTC: 	 CRAB Client version: v3.230612
DEBUG 2023-08-28 14:10:06.115 UTC: 	 Running on: Linux lxplus761.cern.ch 3.10.0-1160.95.1.el7.x86_64 #1 SMP Mon Jul 24 13:59:37 UTC 2023 x86_64 x86_64 x86_64 GNU/Linux - CentOS Linux 7 (Core)
DEBUG 2023-08-28 14:10:06.115 UTC: 	 Executing command: 'submit'
DEBUG 2023-08-28 14:10:06.184 UTC: 	 Found CRAB cache file /afs/cern.ch/user/m/melu/.crab3
INFO 2023-08-28 14:10:06.266 UTC: 	 Will use CRAB configuration file signal_HH_M750_cfg.py
DEBUG 2023-08-28 14:10:06.266 UTC: 	 Loading CRAB configuration file.
DEBUG 2023-08-28 14:10:06.306 UTC: 	 Will use CRAB Analysis plugin (i.e. will run an analysis job type).
ERROR 2023-08-28 14:10:06.306 UTC: 	 Cannot find the file 2017_script/crab_script.sh specified in the JobType.scriptExe configuration parameter.
The documentation about the CRAB configuration file can be found in https://twiki.cern.ch/twiki/bin/view/CMSPublic/CRAB3ConfigurationFile
ERROR 2023-08-28 14:10:06.306 UTC: 	 Caught ClientException exception
Traceback (most recent call last):
  File "/cvmfs/cms.cern.ch/share/cms/crab-prod/v3.230612.00/bin/crab.py", line 159, in <module>
    client()
  File "/cvmfs/cms.cern.ch/share/cms/crab-prod/v3.230612.00/bin/crab.py", line 144, in __call__
    self.cmd = sub_cmd(self.logger, args[1:])
  File "/cvmfs/cms.cern.ch/share/cms/crab-prod/v3.230612.00/lib/CRABClient/Commands/submit.py", line 36, in __init__
    SubCommand.__init__(self, logger, cmdargs, disable_interspersed_args=True)
  File "/cvmfs/cms.cern.ch/share/cms/crab-prod/v3.230612.00/lib/CRABClient/Commands/SubCommand.py", line 316, in __init__
    self.loadConfig(self.options.config, self.args)
  File "/cvmfs/cms.cern.ch/share/cms/crab-prod/v3.230612.00/lib/CRABClient/Commands/SubCommand.py", line 94, in loadConfig
    raise ConfigurationException(configmsg)
ConfigurationException: Cannot find the file 2017_script/crab_script.sh specified in the JobType.scriptExe configuration parameter.
The documentation about the CRAB configuration file can be found in https://twiki.cern.ch/twiki/bin/view/CMSPublic/CRAB3ConfigurationFile
INFO 2023-08-28 14:10:06.311 UTC: 	 Log file is /afs/cern.ch/work/m/melu/work/HH/CMSSW_10_6_29/src/PhysicsTools/NanoAODTools/python/postprocessing/analysis/crab/config_crab_2017/crab.log
